<?xml version="1.0" encoding="UTF-8"?>
<testsuite name="Regression Test"
           tests="2"
           failures="0"
           errors="0"
           skipped="0"
           time="24.319">
  <properties />
  
  
            <testcase name="verifyProductArrangeInAlphabeticalOrder" time="3.494" classname="com.tutorialsninja.testsuite.desktops.DesktopsTest" />
                <testcase name="verifyProductAddedToShoppingCartSuccessFully" time="20.825" classname="com.tutorialsninja.testsuite.desktops.DesktopsTest" />
      
</testsuite>
