<?xml version="1.0" encoding="UTF-8"?>
<testsuite name="Regression Test"
           tests="2"
           failures="0"
           errors="0"
           skipped="0"
           time="17.887">
  <properties />
  
  
            <testcase name="verifyProductsPriceDisplayHighToLowSuccessfully" time="2.515" classname="com.tutorialsninja.testsuite.laptopsandnotebooks.LaptopsAndNotebooksTest" />
                <testcase name="verifyThatUserPlaceOrderSuccessfully" time="15.372" classname="com.tutorialsninja.testsuite.laptopsandnotebooks.LaptopsAndNotebooksTest" />
      
</testsuite>
